07/24/2025 06:08:11 PM : update_mpd_playlist_state()
07/24/2025 06:12:31 PM : validate_mpd_states()
07/24/2025 06:12:31 PM : validate_mpd_states()
07/24/2025 06:12:31 PM : update_mpd_player_state()
07/24/2025 06:12:31 PM : update_mpd_playlist_state()
07/24/2025 06:16:10 PM : validate_mpd_states()
07/24/2025 06:16:10 PM : validate_mpd_states()
07/24/2025 06:16:10 PM : update_mpd_player_state()
07/24/2025 06:16:10 PM : update_mpd_player_state()
07/24/2025 06:16:10 PM : update_mpd_playlist_state()
07/24/2025 06:20:52 PM : validate_mpd_states()
07/24/2025 06:20:52 PM : validate_mpd_states()
07/24/2025 06:20:52 PM : update_mpd_player_state()
07/24/2025 06:20:52 PM : update_mpd_playlist_state()
07/24/2025 06:24:26 PM : validate_mpd_states()
07/24/2025 06:24:26 PM : validate_mpd_states()
07/24/2025 06:24:26 PM : update_mpd_player_state()
07/24/2025 06:24:27 PM : update_mpd_playlist_state()
07/24/2025 06:24:27 PM : update_mpd_playlist_state()
07/24/2025 06:27:13 PM : validate_mpd_states()
07/24/2025 06:27:13 PM : validate_mpd_states()
07/24/2025 06:27:13 PM : update_mpd_player_state()
07/24/2025 06:27:13 PM : update_mpd_player_state()
07/24/2025 06:27:13 PM : update_mpd_playlist_state()
07/24/2025 06:29:29 PM : validate_mpd_states()
07/24/2025 06:29:29 PM : validate_mpd_states()
07/24/2025 06:29:29 PM : update_mpd_player_state()
07/24/2025 06:29:29 PM : update_mpd_playlist_state()
07/24/2025 06:32:55 PM : validate_mpd_states()
07/24/2025 06:32:55 PM : validate_mpd_states()
07/24/2025 06:32:56 PM : update_mpd_player_state()
07/24/2025 06:32:56 PM : update_mpd_player_state()
07/24/2025 06:32:56 PM : update_mpd_playlist_state()
07/24/2025 06:34:29 PM : validate_mpd_states()
07/24/2025 06:34:29 PM : validate_mpd_states()
07/24/2025 06:34:29 PM : update_mpd_player_state()
07/24/2025 06:34:29 PM : update_mpd_player_state()
07/24/2025 06:34:29 PM : update_mpd_playlist_state()
07/24/2025 06:34:29 PM : update_mpd_playlist_state()
07/24/2025 06:34:36 PM : validate_mpd_states()
07/24/2025 06:34:36 PM : validate_mpd_states()
07/24/2025 06:34:36 PM : update_mpd_player_state()
07/24/2025 06:34:36 PM : update_mpd_playlist_state()
07/24/2025 06:38:36 PM : validate_mpd_states()
07/24/2025 06:38:36 PM : validate_mpd_states()
07/24/2025 06:38:36 PM : update_mpd_player_state()
07/24/2025 06:38:36 PM : update_mpd_playlist_state()
07/24/2025 06:43:33 PM : validate_mpd_states()
07/24/2025 06:43:33 PM : validate_mpd_states()
07/24/2025 06:43:33 PM : update_mpd_player_state()
07/24/2025 06:43:33 PM : update_mpd_playlist_state()
07/24/2025 06:48:18 PM : validate_mpd_states()
07/24/2025 06:48:18 PM : validate_mpd_states()
07/24/2025 06:48:18 PM : update_mpd_player_state()
07/24/2025 06:48:18 PM : update_mpd_playlist_state()
07/24/2025 06:52:40 PM : validate_mpd_states()
07/24/2025 06:52:40 PM : validate_mpd_states()
07/24/2025 06:52:40 PM : update_mpd_player_state()
07/24/2025 06:52:40 PM : update_mpd_player_state()
07/24/2025 06:52:40 PM : update_mpd_playlist_state()
07/24/2025 06:55:49 PM : validate_mpd_states()
07/24/2025 06:55:49 PM : validate_mpd_states()
07/24/2025 06:55:49 PM : update_mpd_player_state()
07/24/2025 06:55:49 PM : update_mpd_playlist_state()
07/24/2025 06:59:49 PM : validate_mpd_states()
07/24/2025 06:59:49 PM : validate_mpd_states()
07/24/2025 06:59:49 PM : update_mpd_player_state()
07/24/2025 06:59:49 PM : update_mpd_playlist_state()
07/24/2025 07:03:58 PM : validate_mpd_states()
07/24/2025 07:03:58 PM : validate_mpd_states()
07/24/2025 07:03:58 PM : update_mpd_player_state()
07/24/2025 07:03:58 PM : update_mpd_playlist_state()
07/24/2025 07:05:31 PM : validate_mpd_states()
07/24/2025 07:05:31 PM : validate_mpd_states()
07/24/2025 07:05:32 PM : update_mpd_player_state()
07/24/2025 07:05:32 PM : update_mpd_playlist_state()
07/24/2025 07:05:46 PM : validate_mpd_states()
07/24/2025 07:05:46 PM : validate_mpd_states()
07/24/2025 07:05:46 PM : update_mpd_player_state()
07/24/2025 07:05:46 PM : update_mpd_playlist_state()
07/24/2025 07:09:56 PM : validate_mpd_states()
07/24/2025 07:09:56 PM : validate_mpd_states()
07/24/2025 07:09:56 PM : update_mpd_player_state()
07/24/2025 07:09:56 PM : update_mpd_playlist_state()
07/24/2025 07:16:52 PM : validate_mpd_states()
07/24/2025 07:16:52 PM : validate_mpd_states()
07/24/2025 07:16:52 PM : update_mpd_player_state()
07/24/2025 07:16:52 PM : update_mpd_playlist_state()
07/24/2025 07:20:51 PM : validate_mpd_states()
07/24/2025 07:20:51 PM : validate_mpd_states()
07/24/2025 07:20:51 PM : update_mpd_player_state()
07/24/2025 07:20:51 PM : update_mpd_playlist_state()
07/24/2025 07:24:58 PM : validate_mpd_states()
07/24/2025 07:24:58 PM : validate_mpd_states()
07/24/2025 07:24:58 PM : update_mpd_player_state()
07/24/2025 07:24:58 PM : update_mpd_player_state()
07/24/2025 07:24:58 PM : update_mpd_playlist_state()
07/24/2025 07:28:07 PM : validate_mpd_states()
07/24/2025 07:28:07 PM : validate_mpd_states()
07/24/2025 07:28:07 PM : update_mpd_player_state()
07/24/2025 07:28:07 PM : update_mpd_playlist_state()
07/24/2025 07:30:46 PM : validate_mpd_states()
07/24/2025 07:30:46 PM : validate_mpd_states()
07/24/2025 07:30:46 PM : update_mpd_player_state()
07/24/2025 07:30:46 PM : update_mpd_playlist_state()
07/24/2025 07:34:17 PM : validate_mpd_states()
07/24/2025 07:34:17 PM : validate_mpd_states()
07/24/2025 07:34:18 PM : update_mpd_player_state()
07/24/2025 07:34:18 PM : update_mpd_playlist_state()
07/24/2025 07:37:22 PM : validate_mpd_states()
07/24/2025 07:37:22 PM : validate_mpd_states()
07/24/2025 07:37:22 PM : update_mpd_player_state()
07/24/2025 07:37:22 PM : update_mpd_playlist_state()
07/24/2025 07:38:55 PM : validate_mpd_states()
07/24/2025 07:38:55 PM : validate_mpd_states()
07/24/2025 07:38:55 PM : update_mpd_player_state()
07/24/2025 07:38:55 PM : update_mpd_playlist_state()
07/24/2025 07:39:05 PM : validate_mpd_states()
07/24/2025 07:39:05 PM : validate_mpd_states()
07/24/2025 07:39:05 PM : update_mpd_player_state()
07/24/2025 07:39:05 PM : update_mpd_playlist_state()
07/24/2025 07:42:47 PM : validate_mpd_states()
07/24/2025 07:42:47 PM : validate_mpd_states()
07/24/2025 07:42:47 PM : update_mpd_player_state()
07/24/2025 07:42:47 PM : update_mpd_playlist_state()
07/24/2025 07:44:33 PM : interprete_mqtt_command({"player":"pause"})
07/24/2025 07:44:33 PM : player=pause   options=null  queue=null
07/24/2025 07:44:33 PM : validate_mpd_states()
07/24/2025 07:44:33 PM : update_mpd_player_state()
07/24/2025 07:45:39 PM : validate_mpd_states()
07/24/2025 07:45:39 PM : update_mpd_player_state()
07/24/2025 07:47:28 PM : validate_mpd_states()
07/24/2025 07:47:28 PM : validate_mpd_states()
07/24/2025 07:47:28 PM : update_mpd_player_state()
07/24/2025 07:47:28 PM : update_mpd_playlist_state()
07/24/2025 07:49:09 PM : interprete_mqtt_command({"player":"play"})
07/24/2025 07:49:09 PM : player=play   options=null  queue=null
07/24/2025 07:50:57 PM : validate_mpd_states()
07/24/2025 07:50:57 PM : validate_mpd_states()
07/24/2025 07:50:58 PM : update_mpd_player_state()
07/24/2025 07:50:58 PM : update_mpd_player_state()
07/24/2025 07:50:58 PM : update_mpd_playlist_state()
07/24/2025 07:50:58 PM : update_mpd_playlist_state()
07/24/2025 07:54:29 PM : validate_mpd_states()
07/24/2025 07:54:29 PM : validate_mpd_states()
07/24/2025 07:54:29 PM : update_mpd_player_state()
07/24/2025 07:54:29 PM : update_mpd_playlist_state()
07/24/2025 07:58:01 PM : validate_mpd_states()
07/24/2025 07:58:01 PM : validate_mpd_states()
07/24/2025 07:58:01 PM : update_mpd_player_state()
07/24/2025 07:58:01 PM : update_mpd_playlist_state()
07/24/2025 08:00:47 PM : validate_mpd_states()
07/24/2025 08:00:47 PM : validate_mpd_states()
07/24/2025 08:00:47 PM : update_mpd_player_state()
07/24/2025 08:00:47 PM : update_mpd_playlist_state()
07/24/2025 08:03:54 PM : validate_mpd_states()
07/24/2025 08:03:54 PM : validate_mpd_states()
07/24/2025 08:03:54 PM : update_mpd_player_state()
07/24/2025 08:03:54 PM : update_mpd_playlist_state()
07/24/2025 08:05:27 PM : validate_mpd_states()
07/24/2025 08:05:27 PM : validate_mpd_states()
07/24/2025 08:05:27 PM : update_mpd_player_state()
07/24/2025 08:05:27 PM : update_mpd_playlist_state()
07/24/2025 08:05:42 PM : validate_mpd_states()
07/24/2025 08:05:42 PM : validate_mpd_states()
07/24/2025 08:05:42 PM : update_mpd_player_state()
07/24/2025 08:05:42 PM : update_mpd_playlist_state()
07/24/2025 08:09:44 PM : validate_mpd_states()
07/24/2025 08:09:44 PM : validate_mpd_states()
07/24/2025 08:09:44 PM : update_mpd_player_state()
07/24/2025 08:09:44 PM : update_mpd_playlist_state()
07/24/2025 08:14:01 PM : validate_mpd_states()
07/24/2025 08:14:01 PM : validate_mpd_states()
07/24/2025 08:14:01 PM : update_mpd_player_state()
07/24/2025 08:14:01 PM : update_mpd_playlist_state()
07/24/2025 08:17:15 PM : validate_mpd_states()
07/24/2025 08:17:15 PM : validate_mpd_states()
07/24/2025 08:17:15 PM : update_mpd_player_state()
07/24/2025 08:17:15 PM : update_mpd_playlist_state()
07/24/2025 08:21:15 PM : validate_mpd_states()
07/24/2025 08:21:15 PM : validate_mpd_states()
07/24/2025 08:21:15 PM : update_mpd_player_state()
07/24/2025 08:21:15 PM : update_mpd_playlist_state()
07/24/2025 08:24:01 PM : validate_mpd_states()
07/24/2025 08:24:01 PM : validate_mpd_states()
07/24/2025 08:24:01 PM : update_mpd_player_state()
07/24/2025 08:24:01 PM : update_mpd_playlist_state()
07/24/2025 08:29:16 PM : validate_mpd_states()
07/24/2025 08:29:16 PM : validate_mpd_states()
07/24/2025 08:29:16 PM : update_mpd_player_state()
07/24/2025 08:29:16 PM : update_mpd_playlist_state()
07/24/2025 08:32:55 PM : validate_mpd_states()
07/24/2025 08:32:55 PM : validate_mpd_states()
07/24/2025 08:32:55 PM : update_mpd_player_state()
07/24/2025 08:32:55 PM : update_mpd_playlist_state()
07/24/2025 08:32:55 PM : update_mpd_playlist_state()
07/24/2025 08:35:51 PM : validate_mpd_states()
07/24/2025 08:35:51 PM : validate_mpd_states()
07/24/2025 08:35:52 PM : update_mpd_player_state()
07/24/2025 08:35:52 PM : update_mpd_playlist_state()
07/24/2025 08:37:22 PM : validate_mpd_states()
07/24/2025 08:37:22 PM : validate_mpd_states()
07/24/2025 08:37:22 PM : update_mpd_player_state()
07/24/2025 08:37:22 PM : update_mpd_playlist_state()
07/24/2025 08:37:33 PM : validate_mpd_states()
07/24/2025 08:37:33 PM : validate_mpd_states()
07/24/2025 08:37:33 PM : update_mpd_player_state()
07/24/2025 08:37:33 PM : update_mpd_playlist_state()
07/24/2025 08:37:33 PM : update_mpd_playlist_state()
07/24/2025 08:40:09 PM : validate_mpd_states()
07/24/2025 08:40:09 PM : validate_mpd_states()
07/24/2025 08:40:09 PM : update_mpd_player_state()
07/24/2025 08:40:09 PM : update_mpd_playlist_state()
07/24/2025 08:43:33 PM : validate_mpd_states()
07/24/2025 08:43:33 PM : validate_mpd_states()
07/24/2025 08:43:33 PM : update_mpd_player_state()
07/24/2025 08:43:33 PM : update_mpd_player_state()
07/24/2025 08:43:33 PM : update_mpd_playlist_state()
07/24/2025 08:43:33 PM : update_mpd_playlist_state()
07/24/2025 08:46:49 PM : validate_mpd_states()
07/24/2025 08:46:49 PM : validate_mpd_states()
07/24/2025 08:46:49 PM : update_mpd_player_state()
07/24/2025 08:46:50 PM : update_mpd_playlist_state()
07/24/2025 08:46:50 PM : update_mpd_playlist_state()
07/24/2025 08:49:56 PM : validate_mpd_states()
07/24/2025 08:49:56 PM : validate_mpd_states()
07/24/2025 08:49:56 PM : update_mpd_player_state()
07/24/2025 08:49:56 PM : update_mpd_playlist_state()
07/24/2025 08:54:46 PM : validate_mpd_states()
07/24/2025 08:54:46 PM : validate_mpd_states()
07/24/2025 08:54:46 PM : update_mpd_player_state()
07/24/2025 08:54:46 PM : update_mpd_playlist_state()
07/24/2025 08:58:33 PM : validate_mpd_states()
07/24/2025 08:58:33 PM : validate_mpd_states()
07/24/2025 08:58:33 PM : update_mpd_player_state()
07/24/2025 08:58:33 PM : update_mpd_playlist_state()
07/24/2025 09:01:59 PM : validate_mpd_states()
07/24/2025 09:01:59 PM : validate_mpd_states()
07/24/2025 09:01:59 PM : update_mpd_player_state()
07/24/2025 09:01:59 PM : update_mpd_playlist_state()
07/24/2025 09:03:32 PM : validate_mpd_states()
07/24/2025 09:03:32 PM : validate_mpd_states()
07/24/2025 09:03:32 PM : update_mpd_player_state()
07/24/2025 09:03:32 PM : update_mpd_playlist_state()
07/24/2025 09:03:42 PM : validate_mpd_states()
07/24/2025 09:03:42 PM : validate_mpd_states()
07/24/2025 09:03:43 PM : update_mpd_player_state()
07/24/2025 09:03:43 PM : update_mpd_playlist_state()
07/24/2025 09:07:12 PM : validate_mpd_states()
07/24/2025 09:07:12 PM : validate_mpd_states()
07/24/2025 09:07:12 PM : update_mpd_player_state()
07/24/2025 09:07:12 PM : update_mpd_playlist_state()
07/24/2025 09:12:14 PM : validate_mpd_states()
07/24/2025 09:12:14 PM : validate_mpd_states()
07/24/2025 09:12:14 PM : update_mpd_player_state()
07/24/2025 09:12:14 PM : update_mpd_playlist_state()
07/24/2025 09:16:14 PM : validate_mpd_states()
07/24/2025 09:16:14 PM : validate_mpd_states()
07/24/2025 09:16:14 PM : update_mpd_player_state()
07/24/2025 09:16:14 PM : update_mpd_playlist_state()
07/24/2025 09:21:01 PM : validate_mpd_states()
07/24/2025 09:21:01 PM : validate_mpd_states()
07/24/2025 09:21:01 PM : update_mpd_player_state()
07/24/2025 09:21:01 PM : update_mpd_playlist_state()
07/24/2025 09:21:16 PM : validate_mpd_states()
07/24/2025 09:21:16 PM : update_mpd_player_state()
07/25/2025 01:15:48 PM : interprete_mqtt_command({"queue":{"add":"music/Singles"}})
07/25/2025 01:15:49 PM : player=null   options=null  queue={"add":"music/Singles"}
07/25/2025 01:15:49 PM : interprete_mqtt_queue_command( {"add":"music/Singles"} )
07/25/2025 01:15:49 PM : validate_mpd_states()
07/25/2025 01:15:50 PM : update_mpd_playlist_state()
07/25/2025 01:15:55 PM : interprete_mqtt_command({"player":"play"})
07/25/2025 01:15:56 PM : player=play   options=null  queue=null
07/25/2025 01:15:57 PM : validate_mpd_states()
07/25/2025 01:15:57 PM : validate_mpd_states()
07/25/2025 01:15:57 PM : validate_mpd_states()
07/25/2025 01:15:57 PM : validate_mpd_states()
07/25/2025 01:15:57 PM : update_mpd_player_state()
07/25/2025 01:15:57 PM : validate_mpd_states()
07/25/2025 01:15:57 PM : validate_mpd_states()
07/25/2025 01:15:57 PM : update_mpd_player_state()
07/25/2025 01:15:57 PM : update_mpd_playlist_state()
07/25/2025 01:17:04 PM : validate_mpd_states()
07/25/2025 01:17:04 PM : validate_mpd_states()
07/25/2025 01:17:04 PM : update_mpd_player_state()
07/25/2025 01:17:04 PM : update_mpd_player_state()
07/25/2025 01:17:04 PM : update_mpd_playlist_state()
07/25/2025 01:20:53 PM : validate_mpd_states()
07/25/2025 01:20:53 PM : validate_mpd_states()
07/25/2025 01:20:53 PM : update_mpd_player_state()
07/25/2025 01:20:53 PM : update_mpd_player_state()
07/25/2025 01:20:53 PM : update_mpd_playlist_state()
07/25/2025 01:25:25 PM : validate_mpd_states()
07/25/2025 01:25:25 PM : validate_mpd_states()
07/25/2025 01:25:26 PM : update_mpd_player_state()
07/25/2025 01:25:26 PM : update_mpd_playlist_state()
07/25/2025 01:25:39 PM : interprete_mqtt_command({"queue":{"play":"80"}})
07/25/2025 01:25:39 PM : player=null   options=null  queue={"play":"80"}
07/25/2025 01:25:39 PM : interprete_mqtt_queue_command( {"play":"80"} )
07/25/2025 01:25:40 PM : validate_mpd_states()
07/25/2025 01:25:40 PM : validate_mpd_states()
07/25/2025 01:25:40 PM : update_mpd_player_state()
07/25/2025 01:27:33 PM : validate_mpd_states()
07/25/2025 01:27:33 PM : update_mpd_player_state()
07/25/2025 01:27:45 PM : validate_mpd_states()
07/25/2025 01:27:45 PM : update_mpd_player_state()
07/25/2025 01:28:21 PM : validate_mpd_states()
07/25/2025 01:28:21 PM : validate_mpd_states()
07/25/2025 01:28:21 PM : update_mpd_player_state()
07/25/2025 01:29:44 PM : interprete_mqtt_command({"queue":{"clear":"true"}})
07/25/2025 01:29:44 PM : player=null   options=null  queue={"clear":"true"}
07/25/2025 01:29:44 PM : interprete_mqtt_queue_command( {"clear":"true"} )
07/25/2025 01:29:45 PM : validate_mpd_states()
07/25/2025 01:29:45 PM : validate_mpd_states()
07/25/2025 01:29:45 PM : update_mpd_player_state()
07/25/2025 01:29:45 PM : update_mpd_playlist_state()
07/25/2025 01:30:14 PM : interprete_mqtt_command({"queue":{"add":"music/Singles"}})
07/25/2025 01:30:14 PM : player=null   options=null  queue={"add":"music/Singles"}
07/25/2025 01:30:14 PM : interprete_mqtt_queue_command( {"add":"music/Singles"} )
07/25/2025 01:30:14 PM : validate_mpd_states()
07/25/2025 01:30:15 PM : update_mpd_playlist_state()
07/25/2025 01:31:37 PM : validate_mpd_states()
07/25/2025 01:31:37 PM : update_mpd_player_state()
07/25/2025 01:36:52 PM : validate_mpd_states()
07/25/2025 01:36:52 PM : update_mpd_player_state()
07/25/2025 01:40:42 PM : interprete_mqtt_command({"queue":{"play":"1000"}})
07/25/2025 01:40:43 PM : player=null   options=null  queue={"play":"1000"}
07/25/2025 01:40:43 PM : interprete_mqtt_queue_command( {"play":"1000"} )
07/25/2025 01:40:43 PM : validate_mpd_states()
07/25/2025 01:40:44 PM : update_mpd_player_state()
07/25/2025 01:40:57 PM : interprete_mqtt_command({"player":"play"})
07/25/2025 01:40:57 PM : player=play   options=null  queue=null
07/25/2025 01:42:57 PM : validate_mpd_states()
07/25/2025 01:42:57 PM : update_mpd_player_state()
07/25/2025 01:45:46 PM : validate_mpd_states()
07/25/2025 01:45:46 PM : update_mpd_player_state()
07/25/2025 01:47:39 PM : validate_mpd_states()
07/25/2025 01:47:39 PM : update_mpd_player_state()
07/25/2025 01:50:12 PM : validate_mpd_states()
07/25/2025 01:50:12 PM : update_mpd_player_state()
07/25/2025 01:53:04 PM : validate_mpd_states()
07/25/2025 01:53:04 PM : update_mpd_player_state()
07/25/2025 01:55:53 PM : validate_mpd_states()
07/25/2025 01:55:53 PM : update_mpd_player_state()
07/25/2025 01:58:26 PM : validate_mpd_states()
07/25/2025 01:58:26 PM : update_mpd_player_state()
07/25/2025 02:01:30 PM : validate_mpd_states()
07/25/2025 02:01:30 PM : update_mpd_player_state()
07/25/2025 02:05:39 PM : validate_mpd_states()
07/25/2025 02:05:39 PM : update_mpd_player_state()
07/25/2025 02:08:13 PM : validate_mpd_states()
07/25/2025 02:08:13 PM : update_mpd_player_state()
07/25/2025 02:10:56 PM : validate_mpd_states()
07/25/2025 02:10:56 PM : update_mpd_player_state()
07/25/2025 02:14:29 PM : validate_mpd_states()
07/25/2025 02:14:29 PM : update_mpd_player_state()
07/25/2025 02:17:08 PM : validate_mpd_states()
07/25/2025 02:17:08 PM : update_mpd_player_state()
07/25/2025 02:22:25 PM : validate_mpd_states()
07/25/2025 02:22:25 PM : update_mpd_player_state()
07/25/2025 02:26:11 PM : validate_mpd_states()
07/25/2025 02:26:12 PM : update_mpd_player_state()
07/25/2025 02:29:09 PM : interprete_mqtt_command({"queue":{"play":"1029"}})
07/25/2025 02:29:09 PM : player=null   options=null  queue={"play":"1029"}
07/25/2025 02:29:09 PM : interprete_mqtt_queue_command( {"play":"1029"} )
07/25/2025 02:29:10 PM : validate_mpd_states()
07/25/2025 02:29:10 PM : update_mpd_player_state()
07/25/2025 02:31:05 PM : interprete_mqtt_command({"queue":{"play":"1029"}})
07/25/2025 02:31:05 PM : player=null   options=null  queue={"play":"1029"}
07/25/2025 02:31:05 PM : interprete_mqtt_queue_command( {"play":"1029"} )
07/25/2025 02:31:06 PM : validate_mpd_states()
07/25/2025 02:31:06 PM : update_mpd_player_state()
07/25/2025 02:32:00 PM : interprete_mqtt_command({"queue":{"play":"1029"}})
07/25/2025 02:32:00 PM : player=null   options=null  queue={"play":"1029"}
07/25/2025 02:32:00 PM : interprete_mqtt_queue_command( {"play":"1029"} )
07/25/2025 02:32:01 PM : validate_mpd_states()
07/25/2025 02:32:01 PM : update_mpd_player_state()
